<?xml version="1.0" encoding="UTF-8"?>
<testng-results ignored="0" total="3" passed="3" failed="0" skipped="0">
  <reporter-output>
  </reporter-output>
  <suite started-at="2024-11-24T05:52:55Z" name="Sanity Test Suite" finished-at="2024-11-24T05:53:13Z" duration-ms="17426">
    <groups>
      <group name="products">
        <method signature="Login_Test.TC01_LoginSuccessTest()[pri:3, instance:SwagLabs.Test_Case.Login_Test@7364985f]" name="TC01_LoginSuccessTest" class="SwagLabs.Test_Case.Login_Test"/>
        <method signature="Login_Test.TC02_LoginFailureTest(java.lang.String)[pri:1, instance:SwagLabs.Test_Case.Login_Test@7364985f]" name="TC02_LoginFailureTest" class="SwagLabs.Test_Case.Login_Test"/>
        <method signature="Login_Test.TC03_LockedUserTest(java.lang.String)[pri:2, instance:SwagLabs.Test_Case.Login_Test@7364985f]" name="TC03_LockedUserTest" class="SwagLabs.Test_Case.Login_Test"/>
      </group> <!-- products -->
    </groups>
    <test started-at="2024-11-24T05:52:55Z" name="E:/Java_TestNG/TestNG/src/test/java/TestNGProject" finished-at="2024-11-24T05:53:13Z" duration-ms="17426">
      <class name="SwagLabs.Test_Case.Login_Test">
        <test-method is-config="true" signature="InitialSetup()[pri:0, instance:SwagLabs.Test_Case.Login_Test@7364985f]" started-at="2024-11-24T05:52:55Z" name="InitialSetup" finished-at="2024-11-24T05:52:56Z" duration-ms="1365" status="PASS">
          <reporter-output>
          </reporter-output>
        </test-method> <!-- InitialSetup -->
        <test-method signature="TC02_LoginFailureTest(java.lang.String)[pri:1, instance:SwagLabs.Test_Case.Login_Test@7364985f]" started-at="2024-11-24T05:52:56Z" name="TC02_LoginFailureTest" finished-at="2024-11-24T05:52:57Z" duration-ms="268" status="PASS">
          <params>
            <param index="0">
              <value>
                <![CDATA[Epic sadface: Username and password do not match any user in this service]]>
              </value>
            </param>
          </params>
          <reporter-output>
          </reporter-output>
        </test-method> <!-- TC02_LoginFailureTest -->
        <test-method is-config="true" signature="tearDown()[pri:0, instance:SwagLabs.Test_Case.Login_Test@7364985f]" started-at="2024-11-24T05:52:57Z" name="tearDown" finished-at="2024-11-24T05:52:59Z" duration-ms="2092" status="PASS">
          <reporter-output>
          </reporter-output>
        </test-method> <!-- tearDown -->
        <test-method is-config="true" signature="InitialSetup()[pri:0, instance:SwagLabs.Test_Case.Login_Test@7364985f]" started-at="2024-11-24T05:52:59Z" name="InitialSetup" finished-at="2024-11-24T05:53:00Z" duration-ms="876" status="PASS">
          <reporter-output>
          </reporter-output>
        </test-method> <!-- InitialSetup -->
        <test-method signature="TC03_LockedUserTest(java.lang.String)[pri:2, instance:SwagLabs.Test_Case.Login_Test@7364985f]" started-at="2024-11-24T05:53:00Z" name="TC03_LockedUserTest" finished-at="2024-11-24T05:53:00Z" duration-ms="240" status="PASS">
          <params>
            <param index="0">
              <value>
                <![CDATA[Epic sadface: Sorry, this user has been locked out.]]>
              </value>
            </param>
          </params>
          <reporter-output>
          </reporter-output>
        </test-method> <!-- TC03_LockedUserTest -->
        <test-method is-config="true" signature="tearDown()[pri:0, instance:SwagLabs.Test_Case.Login_Test@7364985f]" started-at="2024-11-24T05:53:00Z" name="tearDown" finished-at="2024-11-24T05:53:02Z" duration-ms="2083" status="PASS">
          <reporter-output>
          </reporter-output>
        </test-method> <!-- tearDown -->
        <test-method is-config="true" signature="InitialSetup()[pri:0, instance:SwagLabs.Test_Case.Login_Test@7364985f]" started-at="2024-11-24T05:53:02Z" name="InitialSetup" finished-at="2024-11-24T05:53:03Z" duration-ms="952" status="PASS">
          <reporter-output>
          </reporter-output>
        </test-method> <!-- InitialSetup -->
        <test-method signature="TC01_LoginSuccessTest()[pri:3, instance:SwagLabs.Test_Case.Login_Test@7364985f]" started-at="2024-11-24T05:53:03Z" name="TC01_LoginSuccessTest" finished-at="2024-11-24T05:53:10Z" duration-ms="7442" status="PASS">
          <reporter-output>
          </reporter-output>
        </test-method> <!-- TC01_LoginSuccessTest -->
        <test-method is-config="true" signature="tearDown()[pri:0, instance:SwagLabs.Test_Case.Login_Test@7364985f]" started-at="2024-11-24T05:53:10Z" name="tearDown" finished-at="2024-11-24T05:53:13Z" duration-ms="2092" status="PASS">
          <reporter-output>
          </reporter-output>
        </test-method> <!-- tearDown -->
      </class> <!-- SwagLabs.Test_Case.Login_Test -->
    </test> <!-- E:/Java_TestNG/TestNG/src/test/java/TestNGProject -->
  </suite> <!-- Sanity Test Suite -->
</testng-results>
