<?xml version="1.0" encoding="UTF-8"?>
<testsuite xmlns:xsi="http://www.w3.org/2001/XMLSchema-instance" xsi:noNamespaceSchemaLocation="https://maven.apache.org/surefire/maven-surefire-plugin/xsd/surefire-test-report-3.0.xsd" version="3.0" name="TestSuite" time="1.183" tests="5" errors="0" skipped="2" failures="3">
  <properties>
[...]
</properties>
  <testcase name="TC02_LoginFailureTest" classname="SwagLabs.Test_Case.Login_Test" time="0.304">
    <failure message="&#10;Parameter &apos;ErText2&apos; is required by @Test on method TC02_LoginFailureTest but has not been marked @Optional or defined&#10;in /home/sa/Desktop/Functional_Testing_SwagLabs_Project/sanity.xml" type="org.testng.TestNGException"><![CDATA[org.testng.TestNGException: 

Parameter 'ErText2' is required by @Test on method TC02_LoginFailureTest but has not been marked @Optional or defined
in /home/sa/Desktop/Functional_Testing_SwagLabs_Project/sanity.xml
]]></failure>
    <system-err><![CDATA[SLF4J(W): No SLF4J providers were found.
SLF4J(W): Defaulting to no-operation (NOP) logger implementation
SLF4J(W): See https://www.slf4j.org/codes.html#noProviders for further details.
]]></system-err>
  </testcase>
  <testcase name="TC03_LockedUserTest" classname="SwagLabs.Test_Case.Login_Test" time="0.306">
    <failure message="&#10;Parameter &apos;ErText1&apos; is required by @Test on method TC03_LockedUserTest but has not been marked @Optional or defined&#10;in /home/sa/Desktop/Functional_Testing_SwagLabs_Project/sanity.xml" type="org.testng.TestNGException"><![CDATA[org.testng.TestNGException: 

Parameter 'ErText1' is required by @Test on method TC03_LockedUserTest but has not been marked @Optional or defined
in /home/sa/Desktop/Functional_Testing_SwagLabs_Project/sanity.xml
]]></failure>
  </testcase>
  <testcase name="InitialSetup" classname="SwagLabs.Test_Case.Login_Test" time="1.042">
    <failure message="Could not start a new session. Response code 400. Message: binary is not a Firefox executable &#10;Host info: host: &apos;sa-OptiPlex&apos;, ip: &apos;127.0.1.1&apos;&#10;Build info: version: &apos;4.21.0&apos;, revision: &apos;79ed462ef4&apos;&#10;System info: os.name: &apos;Linux&apos;, os.arch: &apos;amd64&apos;, os.version: &apos;6.8.0-49-generic&apos;, java.version: &apos;21.0.5&apos;&#10;Driver info: org.openqa.selenium.firefox.FirefoxDriver&#10;Command: [null, newSession {capabilities=[Capabilities {acceptInsecureCerts: true, browserName: firefox, moz:debuggerAddress: true, moz:firefoxOptions: {binary: /usr/bin/firefox}}]}]" type="org.openqa.selenium.SessionNotCreatedException"><![CDATA[org.openqa.selenium.SessionNotCreatedException: 
Could not start a new session. Response code 400. Message: binary is not a Firefox executable 
Host info: host: 'sa-OptiPlex', ip: '127.0.1.1'
Build info: version: '4.21.0', revision: '79ed462ef4'
System info: os.name: 'Linux', os.arch: 'amd64', os.version: '6.8.0-49-generic', java.version: '21.0.5'
Driver info: org.openqa.selenium.firefox.FirefoxDriver
Command: [null, newSession {capabilities=[Capabilities {acceptInsecureCerts: true, browserName: firefox, moz:debuggerAddress: true, moz:firefoxOptions: {binary: /usr/bin/firefox}}]}]
]]></failure>
  </testcase>
  <testcase name="TC01_LoginSuccessTest" classname="SwagLabs.Test_Case.Login_Test" time="0">
    <skipped message="Could not start a new session. Response code 400. Message: binary is not a Firefox executable &#10;Host info: host: &apos;sa-OptiPlex&apos;, ip: &apos;127.0.1.1&apos;&#10;Build info: version: &apos;4.21.0&apos;, revision: &apos;79ed462ef4&apos;&#10;System info: os.name: &apos;Linux&apos;, os.arch: &apos;amd64&apos;, os.version: &apos;6.8.0-49-generic&apos;, java.version: &apos;21.0.5&apos;&#10;Driver info: org.openqa.selenium.firefox.FirefoxDriver&#10;Command: [null, newSession {capabilities=[Capabilities {acceptInsecureCerts: true, browserName: firefox, moz:debuggerAddress: true, moz:firefoxOptions: {binary: /usr/bin/firefox}}]}]"/>
  </testcase>
  <testcase name="tearDown" classname="SwagLabs.Test_Case.Login_Test" time="0">
    <skipped/>
  </testcase>
</testsuite>